Build started 2/9/2011 8:20:46 AM.
     1>Project "u:\visual studio 2010\Projects\Function Problems1\Function Problems1\Function Problems1.vcxproj" on node 2 (build target(s)).
     1>InitializeBuildStatus:
         Creating "Debug\Function Problems1.unsuccessfulbuild" because "AlwaysCreate" was specified.
       ClCompile:
         c:\Program Files\Microsoft Visual Studio 10.0\VC\bin\CL.exe /c /Zi /nologo /W3 /WX- /Od /Oy- /D WIN32 /D _DEBUG /D _CONSOLE /D _UNICODE /D UNICODE /Gm /EHsc /RTC1 /MDd /GS /fp:precise /Zc:wchar_t /Zc:forScope /Fo"Debug\\" /Fd"Debug\vc100.pdb" /Gd /TP /analyze- /errorReport:prompt lol_cake.cpp
         lol_cake.cpp
     1>lol_cake.cpp(56): warning C4244: '=' : conversion from 'double' to 'int', possible loss of data
     1>lol_cake.cpp(57): warning C4244: '=' : conversion from 'double' to 'int', possible loss of data
       ManifestResourceCompile:
         c:\Program Files\Microsoft SDKs\Windows\v7.0A\bin\rc.exe /nologo /fo"Debug\Function Problems1.exe.embed.manifest.res" "Debug\Function Problems1_manifest.rc" 
       Link:
         c:\Program Files\Microsoft Visual Studio 10.0\VC\bin\link.exe /ERRORREPORT:PROMPT /OUT:"u:\visual studio 2010\Projects\Function Problems1\Debug\Function Problems1.exe" /INCREMENTAL /NOLOGO kernel32.lib user32.lib gdi32.lib winspool.lib comdlg32.lib advapi32.lib shell32.lib ole32.lib oleaut32.lib uuid.lib odbc32.lib odbccp32.lib /MANIFEST /ManifestFile:"Debug\Function Problems1.exe.intermediate.manifest" /MANIFESTUAC:"level='asInvoker' uiAccess='false'" /DEBUG /PDB:"u:\visual studio 2010\Projects\Function Problems1\Debug\Function Problems1.pdb" /SUBSYSTEM:CONSOLE /TLBID:1 /DYNAMICBASE /NXCOMPAT /IMPLIB:"u:\visual studio 2010\Projects\Function Problems1\Debug\Function Problems1.lib" /MACHINE:X86 "Debug\Function Problems1.exe.embed.manifest.res"
         Debug\lol_cake.obj
       Manifest:
         c:\Program Files\Microsoft SDKs\Windows\v7.0A\bin\mt.exe /nologo /verbose /out:"Debug\Function Problems1.exe.embed.manifest" /manifest "Debug\Function Problems1.exe.intermediate.manifest"
         c:\Program Files\Microsoft SDKs\Windows\v7.0A\bin\rc.exe /nologo /fo"Debug\Function Problems1.exe.embed.manifest.res" "Debug\Function Problems1_manifest.rc" 
       LinkEmbedManifest:
         All outputs are up-to-date.
         Function Problems1.vcxproj -> u:\visual studio 2010\Projects\Function Problems1\Debug\Function Problems1.exe
       FinalizeBuildStatus:
         Deleting file "Debug\Function Problems1.unsuccessfulbuild".
         Touching "Debug\Function Problems1.lastbuildstate".
     1>Done Building Project "u:\visual studio 2010\Projects\Function Problems1\Function Problems1\Function Problems1.vcxproj" (build target(s)).

Build succeeded.

Time Elapsed 00:00:02.07
