Build started 2/15/2011 8:35:48 AM.
     1>Project "u:\visual studio 2010\Projects\Rock Paper Sissor\Rock Paper Sissor\Rock Paper Sissor.vcxproj" on node 2 (build target(s)).
     1>InitializeBuildStatus:
         Creating "Debug\Rock Paper Sissor.unsuccessfulbuild" because "AlwaysCreate" was specified.
       ClCompile:
         c:\Program Files\Microsoft Visual Studio 10.0\VC\bin\CL.exe /c /ZI /nologo /W3 /WX- /Od /Oy- /D WIN32 /D _DEBUG /D _CONSOLE /D _UNICODE /D UNICODE /Gm /EHsc /RTC1 /MDd /GS /fp:precise /Zc:wchar_t /Zc:forScope /Fo"Debug\\" /Fd"Debug\vc100.pdb" /Gd /TP /analyze- /errorReport:prompt Game.cpp
         Game.cpp
     1>u:\visual studio 2010\projects\rock paper sissor\rock paper sissor\game.cpp(1): warning C4067: unexpected tokens following preprocessor directive - expected a newline
     1>u:\visual studio 2010\projects\rock paper sissor\rock paper sissor\game.cpp(2): warning C4067: unexpected tokens following preprocessor directive - expected a newline
     1>u:\visual studio 2010\projects\rock paper sissor\rock paper sissor\game.cpp(3): warning C4067: unexpected tokens following preprocessor directive - expected a newline
       ManifestResourceCompile:
         All outputs are up-to-date.
       Link:
         c:\Program Files\Microsoft Visual Studio 10.0\VC\bin\link.exe /ERRORREPORT:PROMPT /OUT:"u:\visual studio 2010\Projects\Rock Paper Sissor\Debug\Rock Paper Sissor.exe" /INCREMENTAL /NOLOGO kernel32.lib user32.lib gdi32.lib winspool.lib comdlg32.lib advapi32.lib shell32.lib ole32.lib oleaut32.lib uuid.lib odbc32.lib odbccp32.lib /MANIFEST /ManifestFile:"Debug\Rock Paper Sissor.exe.intermediate.manifest" /MANIFESTUAC:"level='asInvoker' uiAccess='false'" /DEBUG /PDB:"u:\visual studio 2010\Projects\Rock Paper Sissor\Debug\Rock Paper Sissor.pdb" /SUBSYSTEM:CONSOLE /TLBID:1 /DYNAMICBASE /NXCOMPAT /IMPLIB:"u:\visual studio 2010\Projects\Rock Paper Sissor\Debug\Rock Paper Sissor.lib" /MACHINE:X86 "Debug\Rock Paper Sissor.exe.embed.manifest.res"
         Debug\Game.obj
       Manifest:
         c:\Program Files\Microsoft SDKs\Windows\v7.0A\bin\mt.exe /nologo /verbose /out:"Debug\Rock Paper Sissor.exe.embed.manifest" /manifest "Debug\Rock Paper Sissor.exe.intermediate.manifest"
         All outputs are up-to-date.
       LinkEmbedManifest:
         All outputs are up-to-date.
         Rock Paper Sissor.vcxproj -> u:\visual studio 2010\Projects\Rock Paper Sissor\Debug\Rock Paper Sissor.exe
       FinalizeBuildStatus:
         Deleting file "Debug\Rock Paper Sissor.unsuccessfulbuild".
         Touching "Debug\Rock Paper Sissor.lastbuildstate".
     1>Done Building Project "u:\visual studio 2010\Projects\Rock Paper Sissor\Rock Paper Sissor\Rock Paper Sissor.vcxproj" (build target(s)).

Build succeeded.

Time Elapsed 00:00:04.56
