Build started 1/25/2011 8:30:50 AM.
     1>Project "u:\visual studio 2010\Projects\Intro_Notes\Intro_Notes\Intro_Notes.vcxproj" on node 2 (build target(s)).
     1>PrepareForBuild:
         Creating directory "u:\visual studio 2010\Projects\Intro_Notes\Debug\".
       InitializeBuildStatus:
         Creating "Debug\Intro_Notes.unsuccessfulbuild" because "AlwaysCreate" was specified.
       ClCompile:
         c:\Program Files\Microsoft Visual Studio 10.0\VC\bin\CL.exe /c /ZI /nologo /W3 /WX- /Od /Oy- /D WIN32 /D _DEBUG /D _CONSOLE /D _UNICODE /D UNICODE /Gm /EHsc /RTC1 /MDd /GS /fp:precise /Zc:wchar_t /Zc:forScope /Fo"Debug\\" /Fd"Debug\vc100.pdb" /Gd /TP /analyze- /errorReport:prompt Intro_Notes.cpp
         Intro_Notes.cpp
     1>u:\visual studio 2010\projects\intro_notes\intro_notes\intro_notes.cpp(28): warning C4101: 'num2' : unreferenced local variable
     1>u:\visual studio 2010\projects\intro_notes\intro_notes\intro_notes.cpp(31): warning C4700: uninitialized local variable 'num1' used
       ManifestResourceCompile:
         c:\Program Files\Microsoft SDKs\Windows\v7.0A\bin\rc.exe /nologo /fo"Debug\Intro_Notes.exe.embed.manifest.res" Debug\Intro_Notes_manifest.rc 
       Link:
         c:\Program Files\Microsoft Visual Studio 10.0\VC\bin\link.exe /ERRORREPORT:PROMPT /OUT:"u:\visual studio 2010\Projects\Intro_Notes\Debug\Intro_Notes.exe" /INCREMENTAL /NOLOGO kernel32.lib user32.lib gdi32.lib winspool.lib comdlg32.lib advapi32.lib shell32.lib ole32.lib oleaut32.lib uuid.lib odbc32.lib odbccp32.lib /MANIFEST /ManifestFile:"Debug\Intro_Notes.exe.intermediate.manifest" /MANIFESTUAC:"level='asInvoker' uiAccess='false'" /DEBUG /PDB:"u:\visual studio 2010\Projects\Intro_Notes\Debug\Intro_Notes.pdb" /SUBSYSTEM:CONSOLE /TLBID:1 /DYNAMICBASE /NXCOMPAT /IMPLIB:"u:\visual studio 2010\Projects\Intro_Notes\Debug\Intro_Notes.lib" /MACHINE:X86 Debug\Intro_Notes.exe.embed.manifest.res
         Debug\Intro_Notes.obj
       Manifest:
         c:\Program Files\Microsoft SDKs\Windows\v7.0A\bin\mt.exe /nologo /verbose /out:"Debug\Intro_Notes.exe.embed.manifest" /manifest Debug\Intro_Notes.exe.intermediate.manifest
         c:\Program Files\Microsoft SDKs\Windows\v7.0A\bin\rc.exe /nologo /fo"Debug\Intro_Notes.exe.embed.manifest.res" Debug\Intro_Notes_manifest.rc 
       LinkEmbedManifest:
         All outputs are up-to-date.
         Intro_Notes.vcxproj -> u:\visual studio 2010\Projects\Intro_Notes\Debug\Intro_Notes.exe
       FinalizeBuildStatus:
         Deleting file "Debug\Intro_Notes.unsuccessfulbuild".
         Touching "Debug\Intro_Notes.lastbuildstate".
     1>Done Building Project "u:\visual studio 2010\Projects\Intro_Notes\Intro_Notes\Intro_Notes.vcxproj" (build target(s)).

Build succeeded.

Time Elapsed 00:00:03.76
